e:\lp_kp\debug\vc142.pdb
e:\lp_kp\debug\vc142.idb
e:\lp_kp\debug\lp_kp.obj
e:\lp_kp\debug\it.obj
e:\lp_kp\debug\semanalysis.obj
e:\lp_kp\debug\polishnotation.obj
e:\lp_kp\debug\parm.obj
e:\lp_kp\debug\mfst.obj
e:\lp_kp\debug\log.obj
e:\lp_kp\debug\lt.obj
e:\lp_kp\debug\in.obj
e:\lp_kp\debug\generatetoassembler.obj
e:\lp_kp\debug\gbr.obj
e:\lp_kp\debug\fst.obj
e:\lp_kp\debug\error.obj
e:\lp_kp\debug\analysis.obj
e:\lp_kp\debug\lp_kp.exe
e:\lp_kp\debug\lp_kp.ilk
e:\lp_kp\debug\lp_kp.pdb
e:\lp_kp\debug\lp_kp.tlog\cl.command.1.tlog
e:\lp_kp\debug\lp_kp.tlog\cl.read.1.tlog
e:\lp_kp\debug\lp_kp.tlog\cl.write.1.tlog
e:\lp_kp\debug\lp_kp.tlog\link.command.1.tlog
e:\lp_kp\debug\lp_kp.tlog\link.read.1.tlog
e:\lp_kp\debug\lp_kp.tlog\link.write.1.tlog
